
[2026-01-14 19:11:43] BOT: Tentando cadastrar MAC 15:D8:A4:D1:04:4F via URL: https://playtz.sigma.st/api/chatbot/qK4Wr0YLeN/x2YD0v1QPa
[2026-01-14 19:11:44] BOT SUCESSO: MAC 15:D8:A4:D1:04:4F inserido. User: 196166988
[2026-01-14 21:36:43] BOT: Tentando cadastrar MAC 15:D8:A4:D1:04:4F via URL: https://playtz.sigma.st/api/chatbot/qK4Wr0YLeN/x2YD0v1QPa
[2026-01-14 21:36:44] BOT SUCESSO: MAC 15:D8:A4:D1:04:4F inserido. User: 330959146
[2026-01-14 23:09:43] BOT: Tentando cadastrar MAC 15:D8:A4:D1:04:4F via URL: https://playtz.sigma.st/api/chatbot/qK4Wr0YLeN/x2YD0v1QPa
[2026-01-14 23:09:44] BOT SUCESSO: MAC 15:D8:A4:D1:04:4F inserido. User: 476770767
[2026-01-15 05:17:43] BOT: Tentando cadastrar MAC 9C:7A:E5:F8:73:74 via URL: https://playtz.sigma.st/api/chatbot/qK4Wr0YLeN/x2YD0v1QPa
[2026-01-15 05:17:44] BOT SUCESSO: MAC 9C:7A:E5:F8:73:74 inserido. User: 343831585
[2026-01-15 07:22:31] BOT: Tentando cadastrar MAC CA:42:4B:2F:BB:48 via URL: https://playtz.sigma.st/api/chatbot/qK4Wr0YLeN/x2YD0v1QPa
[2026-01-15 07:22:32] BOT SUCESSO: MAC CA:42:4B:2F:BB:48 inserido. User: 259758461
[2026-01-15 19:07:48] BOT: Tentando cadastrar MAC 15:D8:A4:D1:04:4F via URL: https://playtz.sigma.st/api/chatbot/qK4Wr0YLeN/x2YD0v1QPa
[2026-01-15 19:07:49] BOT SUCESSO: MAC 15:D8:A4:D1:04:4F inserido. User: 761353615
[2026-01-15 19:08:35] BOT: Tentando cadastrar MAC D9:C9:9F:F9:8A:E7 via URL: https://playtz.sigma.st/api/chatbot/qK4Wr0YLeN/x2YD0v1QPa
[2026-01-15 19:08:36] BOT SUCESSO: MAC D9:C9:9F:F9:8A:E7 inserido. User: 454655316
[2026-01-15 19:31:24] BOT: Tentando cadastrar MAC 9C:7A:E5:F8:73:74 via URL: https://playtz.sigma.st/api/chatbot/qK4Wr0YLeN/x2YD0v1QPa
[2026-01-15 19:31:25] BOT SUCESSO: MAC 9C:7A:E5:F8:73:74 inserido. User: 247469151
[2026-01-15 21:19:22] BOT: Tentando cadastrar MAC 22:0A:8D:1A:C9:E5 via URL: https://playtz.sigma.st/api/chatbot/qK4Wr0YLeN/x2YD0v1QPa
[2026-01-15 21:19:24] BOT SUCESSO: MAC 22:0A:8D:1A:C9:E5 inserido. User: 178211325
[2026-01-15 22:13:45] BOT: Tentando cadastrar MAC E8:A0:15:80:E3:3D via URL: https://playtz.sigma.st/api/chatbot/qK4Wr0YLeN/x2YD0v1QPa
[2026-01-15 22:13:46] BOT SUCESSO: MAC E8:A0:15:80:E3:3D inserido. User: 391535373
[2026-01-15 22:33:49] BOT: Tentando cadastrar MAC 9C:7A:E5:F8:73:74 via URL: https://playtz.sigma.st/api/chatbot/qK4Wr0YLeN/x2YD0v1QPa
[2026-01-15 22:33:50] BOT SUCESSO: MAC 9C:7A:E5:F8:73:74 inserido. User: 464591417
[2026-01-15 23:04:07] BOT: Tentando cadastrar MAC 1A:E9:56:58:95:6D via URL: https://playtz.sigma.st/api/chatbot/qK4Wr0YLeN/x2YD0v1QPa
[2026-01-15 23:04:08] BOT SUCESSO: MAC 1A:E9:56:58:95:6D inserido. User: 549664952
[2026-01-15 23:12:33] BOT: Tentando cadastrar MAC ED:BF:27:EF:1B:1F via URL: https://playtz.sigma.st/api/chatbot/qK4Wr0YLeN/x2YD0v1QPa
[2026-01-15 23:12:34] BOT SUCESSO: MAC ED:BF:27:EF:1B:1F inserido. User: 366416172
[2026-01-16 07:37:51] BOT: Tentando cadastrar MAC 9C:7A:E5:F8:73:74 via URL: https://playtz.sigma.st/api/chatbot/qK4Wr0YLeN/x2YD0v1QPa
[2026-01-16 07:37:53] BOT SUCESSO: MAC 9C:7A:E5:F8:73:74 inserido. User: 111395870
[2026-01-16 08:25:14] BOT: Tentando cadastrar MAC 98:A6:AB:1A:19:60 via URL: https://playtz.sigma.st/api/chatbot/qK4Wr0YLeN/x2YD0v1QPa
[2026-01-16 08:25:15] BOT SUCESSO: MAC 98:A6:AB:1A:19:60 inserido. User: 799186046
[2026-01-16 08:34:57] BOT: Tentando cadastrar MAC 9C:7A:E5:F8:73:74 via URL: https://playtz.sigma.st/api/chatbot/qK4Wr0YLeN/x2YD0v1QPa
[2026-01-16 08:34:58] BOT SUCESSO: MAC 9C:7A:E5:F8:73:74 inserido. User: 177690290
[2026-01-16 08:48:04] BOT: Tentando cadastrar MAC BC:8F:F3:05:B9:A6 via URL: https://playtz.sigma.st/api/chatbot/qK4Wr0YLeN/x2YD0v1QPa
[2026-01-16 08:48:05] BOT SUCESSO: MAC BC:8F:F3:05:B9:A6 inserido. User: 720830483
[2026-01-16 09:16:22] BOT: Tentando cadastrar MAC 98:A6:AB:1A:19:60 via URL: https://playtz.sigma.st/api/chatbot/qK4Wr0YLeN/x2YD0v1QPa
[2026-01-16 09:16:24] BOT SUCESSO: MAC 98:A6:AB:1A:19:60 inserido. User: 238203914
[2026-01-16 12:22:25] BOT: Tentando cadastrar MAC 9C:7A:E5:F8:73:74 via URL: https://playtz.sigma.st/api/chatbot/qK4Wr0YLeN/x2YD0v1QPa
[2026-01-16 12:22:26] BOT SUCESSO: MAC 9C:7A:E5:F8:73:74 inserido. User: 817410420
[2026-01-16 12:28:29] BOT: Tentando cadastrar MAC BC:8F:F3:05:B9:A6 via URL: https://playtz.sigma.st/api/chatbot/qK4Wr0YLeN/x2YD0v1QPa
[2026-01-16 12:28:30] BOT SUCESSO: MAC BC:8F:F3:05:B9:A6 inserido. User: 554729745
[2026-01-16 15:02:24] BOT: Tentando cadastrar MAC BC:8F:F3:05:B9:A6 via URL: https://playtz.sigma.st/api/chatbot/qK4Wr0YLeN/x2YD0v1QPa
[2026-01-16 15:02:26] BOT SUCESSO: MAC BC:8F:F3:05:B9:A6 inserido. User: 866016234
[2026-01-16 15:04:30] BOT: Tentando cadastrar MAC BC:8F:F3:05:B9:A6 via URL: https://altvpainel.top/api/chatbot/BV4D3rLaqZ/o231qyz14q
[2026-01-16 15:04:31] BOT SUCESSO: MAC BC:8F:F3:05:B9:A6 inserido. User: 615237270
[2026-01-16 16:03:47] BOT: Tentando cadastrar MAC 47:0E:04:24:BF:BA via URL: https://altvpainel.top/api/chatbot/BV4D3rLaqZ/o231qyz14q
[2026-01-16 16:03:49] BOT SUCESSO: MAC 47:0E:04:24:BF:BA inserido. User: 575683159
[2026-01-16 17:58:17] BOT: Tentando cadastrar MAC 19:D6:E4:16:BE:53 via URL: https://altvpainel.top/api/chatbot/BV4D3rLaqZ/o231qyz14q
[2026-01-16 17:58:19] BOT SUCESSO: MAC 19:D6:E4:16:BE:53 inserido. User: 538602819
[2026-01-16 19:12:41] BOT: Tentando cadastrar MAC E8:4C:69:7E:46:C0 via URL: https://altvpainel.top/api/chatbot/BV4D3rLaqZ/o231qyz14q
[2026-01-16 19:12:43] BOT SUCESSO: MAC E8:4C:69:7E:46:C0 inserido. User: 970968951
[2026-01-16 22:11:08] BOT: Tentando cadastrar MAC E8:4C:69:7E:46:C0 via URL: https://altvpainel.top/api/chatbot/BV4D3rLaqZ/o231qyz14q
[2026-01-16 22:11:10] BOT SUCESSO: MAC E8:4C:69:7E:46:C0 inserido. User: 660535383
[2026-01-16 22:25:59] BOT: Tentando cadastrar MAC 15:D8:A4:D1:04:4F via URL: https://altvpainel.top/api/chatbot/BV4D3rLaqZ/o231qyz14q
[2026-01-16 22:26:01] BOT SUCESSO: MAC 15:D8:A4:D1:04:4F inserido. User: 404568776
[2026-01-16 23:11:22] BOT: Tentando cadastrar MAC CA:42:4B:2F:BB:48 via URL: https://altvpainel.top/api/chatbot/BV4D3rLaqZ/o231qyz14q
[2026-01-16 23:11:23] BOT SUCESSO: MAC CA:42:4B:2F:BB:48 inserido. User: 791861476
[2026-01-16 23:34:53] BOT: Tentando cadastrar MAC ED:BF:27:EF:1B:1F via URL: https://altvpainel.top/api/chatbot/BV4D3rLaqZ/o231qyz14q
[2026-01-16 23:34:54] BOT SUCESSO: MAC ED:BF:27:EF:1B:1F inserido. User: 161231508
[2026-01-17 00:12:29] BOT: Tentando cadastrar MAC 9C:7A:E5:F8:73:74 via URL: https://altvpainel.top/api/chatbot/BV4D3rLaqZ/o231qyz14q
[2026-01-17 00:12:30] BOT SUCESSO: MAC 9C:7A:E5:F8:73:74 inserido. User: 715585930
[2026-01-17 00:21:43] BOT: Tentando cadastrar MAC BC:8F:F3:05:B9:A6 via URL: https://altvpainel.top/api/chatbot/BV4D3rLaqZ/o231qyz14q
[2026-01-17 00:21:44] BOT SUCESSO: MAC BC:8F:F3:05:B9:A6 inserido. User: 706101341
[2026-01-18 10:25:08] BOT: Tentando cadastrar MAC 15:D8:A4:D1:04:4F via URL: https://playtz.sigma.st/api/chatbot/qK4Wr0YLeN/x2YD0v1QPa
[2026-01-18 10:25:09] BOT SUCESSO: MAC 15:D8:A4:D1:04:4F inserido. User: 477407116
[2026-01-18 10:34:10] BOT: Tentando cadastrar MAC ED:BF:27:EF:1B:1F via URL: https://playtz.sigma.st/api/chatbot/qK4Wr0YLeN/x2YD0v1QPa
[2026-01-18 10:34:11] BOT SUCESSO: MAC ED:BF:27:EF:1B:1F inserido. User: 155112746
[2026-01-18 11:21:21] BOT: Tentando cadastrar MAC D6:7C:7E:EC:BA:23 via URL: https://playtz.sigma.st/api/chatbot/qK4Wr0YLeN/x2YD0v1QPa
[2026-01-18 11:21:22] BOT SUCESSO: MAC D6:7C:7E:EC:BA:23 inserido. User: 732209889
[2026-01-18 11:50:31] BOT: Tentando cadastrar MAC BC:8F:F3:05:B9:A6 via URL: https://playtz.sigma.st/api/chatbot/qK4Wr0YLeN/x2YD0v1QPa
[2026-01-18 11:50:31] BOT SUCESSO: MAC BC:8F:F3:05:B9:A6 inserido. User: 809813224
[2026-01-18 13:13:59] BOT: Tentando cadastrar MAC 15:D8:A4:D1:04:4F via URL: https://playtz.sigma.st/api/chatbot/qK4Wr0YLeN/x2YD0v1QPa
[2026-01-18 13:13:59] BOT SUCESSO: MAC 15:D8:A4:D1:04:4F inserido. User: 181108990
[2026-01-18 15:42:12] BOT: Tentando cadastrar MAC 8D:0D:C6:26:B3:E1 via URL: https://playtz.sigma.st/api/chatbot/qK4Wr0YLeN/x2YD0v1QPa
[2026-01-18 15:42:13] BOT SUCESSO: MAC 8D:0D:C6:26:B3:E1 inserido. User: 286548080
[2026-01-18 17:10:27] BOT: Tentando cadastrar MAC 8A:E9:21:96:C5:38 via URL: https://playtz.sigma.st/api/chatbot/qK4Wr0YLeN/x2YD0v1QPa
[2026-01-18 17:10:28] BOT SUCESSO: MAC 8A:E9:21:96:C5:38 inserido. User: 743731848
[2026-01-18 21:04:16] BOT: Tentando cadastrar MAC 71:C8:E1:F4:E4:7C via URL: https://playtz.sigma.st/api/chatbot/qK4Wr0YLeN/x2YD0v1QPa
[2026-01-18 21:04:17] BOT SUCESSO: MAC 71:C8:E1:F4:E4:7C inserido. User: 137697722
[2026-01-19 06:12:02] BOT: Tentando cadastrar MAC 6E:27:56:22:72:45 via URL: https://playtz.sigma.st/api/chatbot/qK4Wr0YLeN/x2YD0v1QPa
[2026-01-19 06:12:03] BOT SUCESSO: MAC 6E:27:56:22:72:45 inserido. User: 312851846
[2026-01-19 07:06:54] BOT: Tentando cadastrar MAC EE:FB:21:38:71:12 via URL: https://playtz.sigma.st/api/chatbot/qK4Wr0YLeN/x2YD0v1QPa
[2026-01-19 07:06:55] BOT SUCESSO: MAC EE:FB:21:38:71:12 inserido. User: 737972947
[2026-01-19 07:14:03] BOT: Tentando cadastrar MAC 9C:7A:E5:F8:73:74 via URL: https://playtz.sigma.st/api/chatbot/qK4Wr0YLeN/x2YD0v1QPa
[2026-01-19 07:14:04] BOT SUCESSO: MAC 9C:7A:E5:F8:73:74 inserido. User: 253718666
[2026-01-19 07:59:42] BOT: Tentando cadastrar MAC BE:4E:3C:1E:F3:0D via URL: https://playtz.sigma.st/api/chatbot/qK4Wr0YLeN/x2YD0v1QPa
[2026-01-19 07:59:43] BOT SUCESSO: MAC BE:4E:3C:1E:F3:0D inserido. User: 457116724
[2026-01-19 08:39:56] BOT: Tentando cadastrar MAC 2E:88:99:54:0D:D1 via URL: https://playtz.sigma.st/api/chatbot/qK4Wr0YLeN/x2YD0v1QPa
[2026-01-19 08:39:57] BOT SUCESSO: MAC 2E:88:99:54:0D:D1 inserido. User: 702355142
[2026-01-19 09:57:24] BOT: Tentando cadastrar MAC 49:68:4D:56:49:EA via URL: https://playtz.sigma.st/api/chatbot/qK4Wr0YLeN/x2YD0v1QPa
[2026-01-19 09:57:25] BOT SUCESSO: MAC 49:68:4D:56:49:EA inserido. User: 708369512
[2026-01-21 22:01:23] BOT: Tentando cadastrar MAC 3E:E2:BE:90:7E:98 via URL: https://playtz.sigma.st/api/chatbot/qK4Wr0YLeN/x2YD0v1QPa
[2026-01-21 22:01:24] BOT SUCESSO: MAC 3E:E2:BE:90:7E:98 inserido. User: 706563242
[2026-01-21 22:15:58] BOT: Tentando cadastrar MAC 53:85:5E:FC:16:BF via URL: https://playtz.sigma.st/api/chatbot/qK4Wr0YLeN/x2YD0v1QPa
[2026-01-21 22:15:59] BOT SUCESSO: MAC 53:85:5E:FC:16:BF inserido. User: 998759430
[2026-01-22 20:23:45] BOT: Tentando cadastrar MAC BC:8F:F3:05:B9:A6 via URL: https://playtz.sigma.st/api/chatbot/qK4Wr0YLeN/x2YD0v1QPa
[2026-01-22 20:23:46] BOT SUCESSO: MAC BC:8F:F3:05:B9:A6 inserido. User: 552538993
[2026-01-22 20:53:16] BOT: Tentando cadastrar MAC 53:85:5E:FC:16:BF via URL: https://proxy.sigma.st/api/chatbot/RYAWRk1jlx/7V01paLdO4
[2026-01-22 20:53:17] BOT SUCESSO: MAC 53:85:5E:FC:16:BF inserido. User: 446309067
[2026-01-22 21:43:39] BOT: Tentando cadastrar MAC 32:BE:52:C4:F2:2F via URL: https://proxy.sigma.st/api/chatbot/RYAWRk1jlx/7V01paLdO4
[2026-01-22 21:43:40] BOT SUCESSO: MAC 32:BE:52:C4:F2:2F inserido. User: 724043999
[2026-01-23 00:48:38] BOT: Tentando cadastrar MAC E3:A1:E2:AA:3D:D8 via URL: https://proxy.sigma.st/api/chatbot/RYAWRk1jlx/7V01paLdO4
[2026-01-23 00:48:39] BOT SUCESSO: MAC E3:A1:E2:AA:3D:D8 inserido. User: 587351251
[2026-01-23 05:59:35] BOT: Tentando cadastrar MAC BC:8F:F3:05:B9:A6 via URL: https://proxy.sigma.st/api/chatbot/RYAWRk1jlx/7V01paLdO4
[2026-01-23 05:59:36] BOT SUCESSO: MAC BC:8F:F3:05:B9:A6 inserido. User: 140616214
[2026-01-23 10:19:46] BOT: Tentando cadastrar MAC 3E:E2:BE:90:7E:98 via URL: https://proxy.sigma.st/api/chatbot/RYAWRk1jlx/7V01paLdO4
[2026-01-23 10:19:47] BOT SUCESSO: MAC 3E:E2:BE:90:7E:98 inserido. User: 447433247
[2026-01-24 18:47:10] BOT: Tentando cadastrar MAC AA:3D:C9:63:9B:16 via URL: https://proxy.sigma.st/api/chatbot/RYAWRk1jlx/7V01paLdO4
[2026-01-24 18:47:11] BOT SUCESSO: MAC AA:3D:C9:63:9B:16 inserido. User: 942257673
[2026-01-28 18:50:41] BOT: Tentando cadastrar MAC B2:27:10:6B:B1:AE via URL: https://proxy.sigma.st/api/chatbot/RYAWRk1jlx/7V01paLdO4
[2026-01-28 18:50:43] BOT SUCESSO: MAC B2:27:10:6B:B1:AE inserido. User: 549755047
